2021-10-05 09:19:57,439 [Worker-1: Loading available Gradle versions] INFO  o.e.b.c.i.u.g.PublishedGradleVersions - Gradle version information cache is up-to-date. Trying to read.
2021-10-05 09:24:43,673 [Worker-0: Loading available Gradle versions] INFO  o.e.b.c.i.u.g.PublishedGradleVersions - Gradle version information cache is up-to-date. Trying to read.
2021-10-05 10:26:13,708 [Worker-0: Loading available Gradle versions] INFO  o.e.b.c.i.u.g.PublishedGradleVersions - Gradle version information cache is up-to-date. Trying to read.
2021-10-06 08:50:44,849 [Worker-1: Loading available Gradle versions] INFO  o.e.b.c.i.u.g.PublishedGradleVersions - Gradle version information cache is up-to-date. Trying to read.
2021-10-06 16:24:07,766 [Worker-1: Loading available Gradle versions] INFO  o.e.b.c.i.u.g.PublishedGradleVersions - Gradle version information cache is out-of-date. Trying to update.
2021-10-06 16:28:58,442 [Worker-2: Loading available Gradle versions] INFO  o.e.b.c.i.u.g.PublishedGradleVersions - Gradle version information cache is up-to-date. Trying to read.
2021-10-07 09:12:26,909 [Worker-1: Loading available Gradle versions] INFO  o.e.b.c.i.u.g.PublishedGradleVersions - Gradle version information cache is up-to-date. Trying to read.
2021-10-07 13:44:40,419 [Worker-57: Match Job] ERROR o.e.m.i.l.MavenConsoleLineTracker - Launch configuration diApp - DiAppApplication at file:/C:/AIstudy/spring/workspace/.metadata/.plugins/org.eclipse.debug.core/.launches/diApp%20-%20DiAppApplication.launch does not exist.
org.eclipse.debug.core.DebugException: Launch configuration diApp - DiAppApplication at file:/C:/AIstudy/spring/workspace/.metadata/.plugins/org.eclipse.debug.core/.launches/diApp%20-%20DiAppApplication.launch does not exist.
	at org.eclipse.debug.internal.core.LaunchManager.createDebugException(LaunchManager.java:885)
	at org.eclipse.debug.internal.core.LaunchManager.getInfo(LaunchManager.java:1368)
	at org.eclipse.debug.internal.core.LaunchConfiguration.getInfo(LaunchConfiguration.java:488)
	at org.eclipse.debug.internal.core.LaunchConfiguration.getType(LaunchConfiguration.java:643)
	at org.eclipse.m2e.internal.launch.MavenConsoleLineTracker.isMavenProcess(MavenConsoleLineTracker.java:144)
	at org.eclipse.m2e.internal.launch.MavenConsoleLineTracker.lineAppended(MavenConsoleLineTracker.java:87)
	at org.eclipse.debug.internal.ui.views.console.ConsoleLineNotifier.lineAppended(ConsoleLineNotifier.java:123)
	at org.eclipse.debug.internal.ui.views.console.ConsoleLineNotifier.disconnect(ConsoleLineNotifier.java:71)
	at org.eclipse.ui.internal.console.ConsolePatternMatcher$CompiledPatternMatchListener.dispose(ConsolePatternMatcher.java:198)
	at org.eclipse.ui.internal.console.ConsolePatternMatcher.disconnect(ConsolePatternMatcher.java:260)
	at org.eclipse.ui.internal.console.ConsolePatternMatcher$MatchJob.run(ConsolePatternMatcher.java:164)
	at org.eclipse.core.internal.jobs.Worker.run(Worker.java:63)
2021-10-07 13:44:40,527 [Worker-57: Match Job] ERROR o.e.m.i.l.MavenConsoleLineTracker - Launch configuration diApp - DiAppApplication at file:/C:/AIstudy/spring/workspace/.metadata/.plugins/org.eclipse.debug.core/.launches/diApp%20-%20DiAppApplication.launch does not exist.
org.eclipse.debug.core.DebugException: Launch configuration diApp - DiAppApplication at file:/C:/AIstudy/spring/workspace/.metadata/.plugins/org.eclipse.debug.core/.launches/diApp%20-%20DiAppApplication.launch does not exist.
	at org.eclipse.debug.internal.core.LaunchManager.createDebugException(LaunchManager.java:885)
	at org.eclipse.debug.internal.core.LaunchManager.getInfo(LaunchManager.java:1368)
	at org.eclipse.debug.internal.core.LaunchConfiguration.getInfo(LaunchConfiguration.java:488)
	at org.eclipse.debug.internal.core.LaunchConfiguration.getType(LaunchConfiguration.java:643)
	at org.eclipse.m2e.internal.launch.MavenConsoleLineTracker.isMavenProcess(MavenConsoleLineTracker.java:144)
	at org.eclipse.m2e.internal.launch.MavenConsoleLineTracker.lineAppended(MavenConsoleLineTracker.java:87)
	at org.eclipse.debug.internal.ui.views.console.ConsoleLineNotifier.lineAppended(ConsoleLineNotifier.java:123)
	at org.eclipse.debug.internal.ui.views.console.ConsoleLineNotifier.matchFound(ConsoleLineNotifier.java:115)
	at org.eclipse.ui.internal.console.ConsolePatternMatcher$MatchJob.run(ConsolePatternMatcher.java:137)
	at org.eclipse.core.internal.jobs.Worker.run(Worker.java:63)
2021-10-11 09:07:22,211 [Worker-1: Loading available Gradle versions] INFO  o.e.b.c.i.u.g.PublishedGradleVersions - Gradle version information cache is out-of-date. Trying to update.
2021-10-12 09:15:25,968 [Worker-0: Loading available Gradle versions] INFO  o.e.b.c.i.u.g.PublishedGradleVersions - Gradle version information cache is out-of-date. Trying to update.
2021-10-13 09:13:03,462 [Worker-1: Loading available Gradle versions] INFO  o.e.b.c.i.u.g.PublishedGradleVersions - Gradle version information cache is up-to-date. Trying to read.
2021-10-14 09:11:56,852 [Worker-1: Loading available Gradle versions] INFO  o.e.b.c.i.u.g.PublishedGradleVersions - Gradle version information cache is out-of-date. Trying to update.
2021-10-14 13:49:47,079 [Worker-0: Loading available Gradle versions] INFO  o.e.b.c.i.u.g.PublishedGradleVersions - Gradle version information cache is up-to-date. Trying to read.
2021-10-14 21:02:58,894 [Worker-1: Loading available Gradle versions] INFO  o.e.b.c.i.u.g.PublishedGradleVersions - Gradle version information cache is up-to-date. Trying to read.
2021-10-15 09:20:52,899 [Worker-0: Loading available Gradle versions] INFO  o.e.b.c.i.u.g.PublishedGradleVersions - Gradle version information cache is out-of-date. Trying to update.
2021-10-17 17:58:08,796 [Worker-1: Loading available Gradle versions] INFO  o.e.b.c.i.u.g.PublishedGradleVersions - Gradle version information cache is out-of-date. Trying to update.
2021-10-18 09:19:58,281 [Worker-1: Loading available Gradle versions] INFO  o.e.b.c.i.u.g.PublishedGradleVersions - Gradle version information cache is up-to-date. Trying to read.
